[2025-01-03T10:29:11.801080+00:00] name.WARNING: Пост с UUID не найден: f8efad6b-562d-4ed2-b697-37d8262a5861 [] []
[2025-01-03T10:31:54.153828+00:00] name.WARNING: Лайки объекта с UUID и пользователя с UUId  не найдены: 8c9f0376-3588-46ad-b9c8-9fc90f763703, bb40a7ca-1ffc-4197-984f-b9e560bc0934 [] []
[2025-01-03T10:31:54.672349+00:00] name.INFO: Сохранен лайк с UUID: f0a1916e-7994-4b5f-bb14-ae3b0bde2d55 [] []
[2025-01-03T10:33:45.137852+00:00] name.INFO: Сохранен пост с UUID: 088de36e-ef6c-4336-adf5-478bdb79e231 [] []
[2025-01-03T11:42:28.948303+00:00] name.WARNING: Пользователь с username не найден:  [] []
[2025-01-03T11:42:28.950676+00:00] name.WARNING: Неудачная попытка входа для пользователя:  [] []
[2025-01-03T11:43:36.989098+00:00] name.WARNING: Пользователь с username не найден:  [] []
[2025-01-03T11:43:36.991479+00:00] name.WARNING: Неудачная попытка входа для пользователя:  [] []
[2025-01-03T11:45:08.503104+00:00] name.INFO: Пользователь вошел в систему: quitzon.eryn [] []
[2025-01-03T11:55:22.210410+00:00] name.WARNING: Лайки объекта с UUID и пользователя с UUId  не найдены: 8f10460f-f52d-4e1a-acd8-e05009d549a3, c50ef04f-cb06-4674-aed4-2aa0a0972aa7 [] []
[2025-01-03T11:55:22.448846+00:00] name.INFO: Сохранен лайк с UUID: 1f03facb-f26c-458b-ac69-8721a9122ed4 [] []
[2025-01-03T11:58:26.280175+00:00] name.INFO: Токен инвалидирован [] []
[2025-01-03T11:58:26.282687+00:00] name.INFO: Пользователь вышел из системы [] []
[2025-01-03T11:58:35.834408+00:00] name.INFO: Токен инвалидирован [] []
[2025-01-03T11:58:35.837403+00:00] name.INFO: Пользователь вышел из системы [] []
[2025-01-03T11:58:40.195631+00:00] name.INFO: Токен инвалидирован [] []
[2025-01-03T11:58:40.197294+00:00] name.INFO: Пользователь вышел из системы [] []
[2025-01-03T12:00:58.748014+00:00] name.WARNING: Токен не найден в базе данных [] []
[2025-01-03T12:00:58.749940+00:00] name.WARNING: Недействительный токен [] []
[2025-01-03T12:01:47.357403+00:00] name.WARNING: Токен не предоставлен [] []
[2025-01-03T12:05:47.747592+00:00] name.WARNING: Токен не предоставлен [] []
